WARNING: A terminally deprecated method in sun.misc.Unsafe has been called
WARNING: sun.misc.Unsafe::staticFieldBase has been called by com.google.inject.internal.aop.HiddenClassDefiner (file:/opt/homebrew/Cellar/maven/3.9.11/libexec/lib/guice-5.1.0-classes.jar)
WARNING: Please consider reporting this to the maintainers of class com.google.inject.internal.aop.HiddenClassDefiner
WARNING: sun.misc.Unsafe::staticFieldBase will be removed in a future release
[INFO] Scanning for projects...
[INFO] 
[INFO] ----------------< com.secondbrain:second-brain-server >-----------------
[INFO] Building Second Brain Server 1.0.0
[INFO]   from pom.xml
[INFO] --------------------------------[ jar ]---------------------------------
[INFO] 
[INFO] >>> spring-boot:3.2.0:run (default-cli) > test-compile @ second-brain-server >>>
[INFO] 
[INFO] --- resources:3.3.1:resources (default-resources) @ second-brain-server ---
[INFO] Copying 1 resource from src/main/resources to target/classes
[INFO] Copying 0 resource from src/main/resources to target/classes
[INFO] 
[INFO] --- compiler:3.11.0:compile (default-compile) @ second-brain-server ---
[INFO] Nothing to compile - all classes are up to date
[INFO] 
[INFO] --- resources:3.3.1:testResources (default-testResources) @ second-brain-server ---
[INFO] skip non existing resourceDirectory /Users/zoha/Desktop/SpringBootServer/src/test/resources
[INFO] 
[INFO] --- compiler:3.11.0:testCompile (default-testCompile) @ second-brain-server ---
[INFO] No sources to compile
[INFO] 
[INFO] <<< spring-boot:3.2.0:run (default-cli) < test-compile @ second-brain-server <<<
[INFO] 
[INFO] 
[INFO] --- spring-boot:3.2.0:run (default-cli) @ second-brain-server ---
[INFO] Attaching agents: []

  .   ____          _            __ _ _
 /\\ / ___'_ __ _ _(_)_ __  __ _ \ \ \ \
( ( )\___ | '_ | '_| | '_ \/ _` | \ \ \ \
 \\/  ___)| |_)| | | | | || (_| |  ) ) ) )
  '  |____| .__|_| |_|_| |_\__, | / / / /
 =========|_|==============|___/=/_/_/_/
[32m :: Spring Boot :: [39m              [2m (v3.2.0)[0;39m

[2m2025-08-28T09:00:11.373+05:30[0;39m [32m INFO[0;39m [35m65360[0;39m [2m---[0;39m [2m[  restartedMain][0;39m [2m[0;39m[36mcom.secondbrain.SecondBrainApplication  [0;39m [2m:[0;39m Starting SecondBrainApplication using Java 24.0.1 with PID 65360 (/Users/zoha/Desktop/SpringBootServer/target/classes started by zoha in /Users/zoha/Desktop/SpringBootServer)
[2m2025-08-28T09:00:11.373+05:30[0;39m [32mDEBUG[0;39m [35m65360[0;39m [2m---[0;39m [2m[  restartedMain][0;39m [2m[0;39m[36mcom.secondbrain.SecondBrainApplication  [0;39m [2m:[0;39m Running with Spring Boot v3.2.0, Spring v6.1.1
[2m2025-08-28T09:00:11.373+05:30[0;39m [32m INFO[0;39m [35m65360[0;39m [2m---[0;39m [2m[  restartedMain][0;39m [2m[0;39m[36mcom.secondbrain.SecondBrainApplication  [0;39m [2m:[0;39m No active profile set, falling back to 1 default profile: "default"
[2m2025-08-28T09:00:11.389+05:30[0;39m [32m INFO[0;39m [35m65360[0;39m [2m---[0;39m [2m[  restartedMain][0;39m [2m[0;39m[36m.e.DevToolsPropertyDefaultsPostProcessor[0;39m [2m:[0;39m Devtools property defaults active! Set 'spring.devtools.add-properties' to 'false' to disable
[2m2025-08-28T09:00:11.389+05:30[0;39m [32m INFO[0;39m [35m65360[0;39m [2m---[0;39m [2m[  restartedMain][0;39m [2m[0;39m[36m.e.DevToolsPropertyDefaultsPostProcessor[0;39m [2m:[0;39m For additional web related logging consider setting the 'logging.level.web' property to 'DEBUG'
[2m2025-08-28T09:00:11.570+05:30[0;39m [32m INFO[0;39m [35m65360[0;39m [2m---[0;39m [2m[  restartedMain][0;39m [2m[0;39m[36m.s.d.r.c.RepositoryConfigurationDelegate[0;39m [2m:[0;39m Bootstrapping Spring Data MongoDB repositories in DEFAULT mode.
[2m2025-08-28T09:00:11.586+05:30[0;39m [32m INFO[0;39m [35m65360[0;39m [2m---[0;39m [2m[  restartedMain][0;39m [2m[0;39m[36m.s.d.r.c.RepositoryConfigurationDelegate[0;39m [2m:[0;39m Finished Spring Data repository scanning in 14 ms. Found 2 MongoDB repository interfaces.
WARNING: A restricted method in java.lang.System has been called
WARNING: java.lang.System::load has been called by org.apache.tomcat.jni.Library in an unnamed module (file:/Users/zoha/.m2/repository/org/apache/tomcat/embed/tomcat-embed-core/10.1.16/tomcat-embed-core-10.1.16.jar)
WARNING: Use --enable-native-access=ALL-UNNAMED to avoid a warning for callers in this module
WARNING: Restricted methods will be blocked in a future release unless native access is enabled

[2m2025-08-28T09:00:11.741+05:30[0;39m [32m INFO[0;39m [35m65360[0;39m [2m---[0;39m [2m[  restartedMain][0;39m [2m[0;39m[36mo.s.b.w.embedded.tomcat.TomcatWebServer [0;39m [2m:[0;39m Tomcat initialized with port 3000 (http)
[2m2025-08-28T09:00:11.744+05:30[0;39m [32m INFO[0;39m [35m65360[0;39m [2m---[0;39m [2m[  restartedMain][0;39m [2m[0;39m[36mo.apache.catalina.core.StandardService  [0;39m [2m:[0;39m Starting service [Tomcat]
[2m2025-08-28T09:00:11.744+05:30[0;39m [32m INFO[0;39m [35m65360[0;39m [2m---[0;39m [2m[  restartedMain][0;39m [2m[0;39m[36mo.apache.catalina.core.StandardEngine   [0;39m [2m:[0;39m Starting Servlet engine: [Apache Tomcat/10.1.16]
[2m2025-08-28T09:00:11.755+05:30[0;39m [32m INFO[0;39m [35m65360[0;39m [2m---[0;39m [2m[  restartedMain][0;39m [2m[0;39m[36mo.a.c.c.C.[.[localhost].[/api/v1]       [0;39m [2m:[0;39m Initializing Spring embedded WebApplicationContext
[2m2025-08-28T09:00:11.755+05:30[0;39m [32m INFO[0;39m [35m65360[0;39m [2m---[0;39m [2m[  restartedMain][0;39m [2m[0;39m[36mw.s.c.ServletWebServerApplicationContext[0;39m [2m:[0;39m Root WebApplicationContext: initialization completed in 366 ms
[2m2025-08-28T09:00:11.815+05:30[0;39m [32m INFO[0;39m [35m65360[0;39m [2m---[0;39m [2m[  restartedMain][0;39m [2m[0;39m[36morg.mongodb.driver.client               [0;39m [2m:[0;39m MongoClient with metadata {"driver": {"name": "mongo-java-driver|sync|spring-boot", "version": "4.11.1"}, "os": {"type": "Darwin", "name": "Mac OS X", "architecture": "aarch64", "version": "15.4.1"}, "platform": "Java/Homebrew/24.0.1"} created with settings MongoClientSettings{readPreference=primary, writeConcern=WriteConcern{w=null, wTimeout=null ms, journal=null}, retryWrites=true, retryReads=true, readConcern=ReadConcern{level=null}, credential=null, transportSettings=null, streamFactoryFactory=null, commandListeners=[], codecRegistry=ProvidersCodecRegistry{codecProviders=[ValueCodecProvider{}, BsonValueCodecProvider{}, DBRefCodecProvider{}, DBObjectCodecProvider{}, DocumentCodecProvider{}, CollectionCodecProvider{}, IterableCodecProvider{}, MapCodecProvider{}, GeoJsonCodecProvider{}, GridFSFileCodecProvider{}, Jsr310CodecProvider{}, JsonObjectCodecProvider{}, BsonCodecProvider{}, EnumCodecProvider{}, com.mongodb.client.model.mql.ExpressionCodecProvider@7bde771e, com.mongodb.Jep395RecordCodecProvider@60cfd4f2, com.mongodb.KotlinCodecProvider@9183ba3]}, loggerSettings=LoggerSettings{maxDocumentLength=1000}, clusterSettings={hosts=[localhost:27017], srvServiceName=mongodb, mode=SINGLE, requiredClusterType=UNKNOWN, requiredReplicaSetName='null', serverSelector='null', clusterListeners='[]', serverSelectionTimeout='30000 ms', localThreshold='15 ms'}, socketSettings=SocketSettings{connectTimeoutMS=10000, readTimeoutMS=0, receiveBufferSize=0, proxySettings=ProxySettings{host=null, port=null, username=null, password=null}}, heartbeatSocketSettings=SocketSettings{connectTimeoutMS=10000, readTimeoutMS=10000, receiveBufferSize=0, proxySettings=ProxySettings{host=null, port=null, username=null, password=null}}, connectionPoolSettings=ConnectionPoolSettings{maxSize=100, minSize=0, maxWaitTimeMS=120000, maxConnectionLifeTimeMS=0, maxConnectionIdleTimeMS=0, maintenanceInitialDelayMS=0, maintenanceFrequencyMS=60000, connectionPoolListeners=[], maxConnecting=2}, serverSettings=ServerSettings{heartbeatFrequencyMS=10000, minHeartbeatFrequencyMS=500, serverListeners='[]', serverMonitorListeners='[]'}, sslSettings=SslSettings{enabled=false, invalidHostNameAllowed=false, context=null}, applicationName='null', compressorList=[], uuidRepresentation=JAVA_LEGACY, serverApi=null, autoEncryptionSettings=null, dnsClient=null, inetAddressResolver=null, contextProvider=null}
[2m2025-08-28T09:00:11.826+05:30[0;39m [32m INFO[0;39m [35m65360[0;39m [2m---[0;39m [2m[localhost:27017][0;39m [2m[0;39m[36morg.mongodb.driver.cluster              [0;39m [2m:[0;39m Monitor thread successfully connected to server with description ServerDescription{address=localhost:27017, type=STANDALONE, state=CONNECTED, ok=true, minWireVersion=0, maxWireVersion=25, maxDocumentSize=16777216, logicalSessionTimeoutMinutes=30, roundTripTimeNanos=5727958}
[2m2025-08-28T09:00:11.861+05:30[0;39m [32m INFO[0;39m [35m65360[0;39m [2m---[0;39m [2m[  restartedMain][0;39m [2m[0;39m[36mo.s.b.d.a.OptionalLiveReloadServer      [0;39m [2m:[0;39m LiveReload server is running on port 35729
[2m2025-08-28T09:00:12.014+05:30[0;39m [32m INFO[0;39m [35m65360[0;39m [2m---[0;39m [2m[  restartedMain][0;39m [2m[0;39m[36mo.s.s.web.DefaultSecurityFilterChain    [0;39m [2m:[0;39m Will secure any request with [org.springframework.security.web.session.DisableEncodeUrlFilter@1bf06582, org.springframework.security.web.context.request.async.WebAsyncManagerIntegrationFilter@3458365d, org.springframework.security.web.context.SecurityContextHolderFilter@591a619e, org.springframework.security.web.header.HeaderWriterFilter@54749336, org.springframework.web.filter.CorsFilter@21c662e8, org.springframework.security.web.authentication.logout.LogoutFilter@48bae72, org.springframework.security.web.savedrequest.RequestCacheAwareFilter@25acf58e, org.springframework.security.web.servletapi.SecurityContextHolderAwareRequestFilter@7e7f8c00, org.springframework.security.web.authentication.AnonymousAuthenticationFilter@55971ff4, org.springframework.security.web.session.SessionManagementFilter@3de84e09, org.springframework.security.web.access.ExceptionTranslationFilter@5e1ed519, org.springframework.security.web.access.intercept.AuthorizationFilter@4cbc6776]
[2m2025-08-28T09:00:12.061+05:30[0;39m [32m INFO[0;39m [35m65360[0;39m [2m---[0;39m [2m[  restartedMain][0;39m [2m[0;39m[36mo.s.b.w.embedded.tomcat.TomcatWebServer [0;39m [2m:[0;39m Tomcat started on port 3000 (http) with context path '/api/v1'
[2m2025-08-28T09:00:12.064+05:30[0;39m [32m INFO[0;39m [35m65360[0;39m [2m---[0;39m [2m[  restartedMain][0;39m [2m[0;39m[36mcom.secondbrain.SecondBrainApplication  [0;39m [2m:[0;39m Started SecondBrainApplication in 0.79 seconds (process running for 0.906)
[2m2025-08-28T09:01:25.386+05:30[0;39m [32m INFO[0;39m [35m65360[0;39m [2m---[0;39m [2m[nio-3000-exec-1][0;39m [2m[0;39m[36mo.a.c.c.C.[.[localhost].[/api/v1]       [0;39m [2m:[0;39m Initializing Spring DispatcherServlet 'dispatcherServlet'
[2m2025-08-28T09:01:25.387+05:30[0;39m [32m INFO[0;39m [35m65360[0;39m [2m---[0;39m [2m[nio-3000-exec-1][0;39m [2m[0;39m[36mo.s.web.servlet.DispatcherServlet       [0;39m [2m:[0;39m Initializing Servlet 'dispatcherServlet'
[2m2025-08-28T09:01:25.388+05:30[0;39m [32m INFO[0;39m [35m65360[0;39m [2m---[0;39m [2m[nio-3000-exec-1][0;39m [2m[0;39m[36mo.s.web.servlet.DispatcherServlet       [0;39m [2m:[0;39m Completed initialization in 1 ms
[2m2025-08-28T09:01:25.391+05:30[0;39m [32mDEBUG[0;39m [35m65360[0;39m [2m---[0;39m [2m[nio-3000-exec-1][0;39m [2m[0;39m[36mo.s.security.web.FilterChainProxy       [0;39m [2m:[0;39m Securing OPTIONS /signin
[2m2025-08-28T09:01:25.400+05:30[0;39m [32mDEBUG[0;39m [35m65360[0;39m [2m---[0;39m [2m[nio-3000-exec-2][0;39m [2m[0;39m[36mo.s.security.web.FilterChainProxy       [0;39m [2m:[0;39m Securing POST /signin
[2m2025-08-28T09:01:25.402+05:30[0;39m [32mDEBUG[0;39m [35m65360[0;39m [2m---[0;39m [2m[nio-3000-exec-2][0;39m [2m[0;39m[36mo.s.s.w.a.AnonymousAuthenticationFilter [0;39m [2m:[0;39m Set SecurityContextHolder to anonymous SecurityContext
[2m2025-08-28T09:01:25.402+05:30[0;39m [33m WARN[0;39m [35m65360[0;39m [2m---[0;39m [2m[nio-3000-exec-2][0;39m [2m[0;39m[36mo.s.w.s.h.HandlerMappingIntrospector    [0;39m [2m:[0;39m Cache miss for REQUEST dispatch to '/api/v1/signin' (previous null). Performing MatchableHandlerMapping lookup. This is logged once only at WARN level, and every time at TRACE.
[2m2025-08-28T09:01:25.405+05:30[0;39m [32mDEBUG[0;39m [35m65360[0;39m [2m---[0;39m [2m[nio-3000-exec-2][0;39m [2m[0;39m[36mo.s.s.w.a.Http403ForbiddenEntryPoint    [0;39m [2m:[0;39m Pre-authenticated entry point called. Rejecting access
[2m2025-08-28T09:01:25.406+05:30[0;39m [32mDEBUG[0;39m [35m65360[0;39m [2m---[0;39m [2m[nio-3000-exec-2][0;39m [2m[0;39m[36mo.s.security.web.FilterChainProxy       [0;39m [2m:[0;39m Securing POST /error
[2m2025-08-28T09:01:25.408+05:30[0;39m [32mDEBUG[0;39m [35m65360[0;39m [2m---[0;39m [2m[nio-3000-exec-2][0;39m [2m[0;39m[36mo.s.s.w.a.AnonymousAuthenticationFilter [0;39m [2m:[0;39m Set SecurityContextHolder to anonymous SecurityContext
[2m2025-08-28T09:01:25.408+05:30[0;39m [32mDEBUG[0;39m [35m65360[0;39m [2m---[0;39m [2m[nio-3000-exec-2][0;39m [2m[0;39m[36mo.s.s.w.a.Http403ForbiddenEntryPoint    [0;39m [2m:[0;39m Pre-authenticated entry point called. Rejecting access
[2m2025-08-28T09:01:50.649+05:30[0;39m [32mDEBUG[0;39m [35m65360[0;39m [2m---[0;39m [2m[nio-3000-exec-3][0;39m [2m[0;39m[36mo.s.security.web.FilterChainProxy       [0;39m [2m:[0;39m Securing OPTIONS /signin
[2m2025-08-28T09:01:50.653+05:30[0;39m [32mDEBUG[0;39m [35m65360[0;39m [2m---[0;39m [2m[nio-3000-exec-4][0;39m [2m[0;39m[36mo.s.security.web.FilterChainProxy       [0;39m [2m:[0;39m Securing POST /signin
[2m2025-08-28T09:01:50.654+05:30[0;39m [32mDEBUG[0;39m [35m65360[0;39m [2m---[0;39m [2m[nio-3000-exec-4][0;39m [2m[0;39m[36mo.s.s.w.a.AnonymousAuthenticationFilter [0;39m [2m:[0;39m Set SecurityContextHolder to anonymous SecurityContext
[2m2025-08-28T09:01:50.655+05:30[0;39m [32mDEBUG[0;39m [35m65360[0;39m [2m---[0;39m [2m[nio-3000-exec-4][0;39m [2m[0;39m[36mo.s.s.w.a.Http403ForbiddenEntryPoint    [0;39m [2m:[0;39m Pre-authenticated entry point called. Rejecting access
[2m2025-08-28T09:01:50.656+05:30[0;39m [32mDEBUG[0;39m [35m65360[0;39m [2m---[0;39m [2m[nio-3000-exec-4][0;39m [2m[0;39m[36mo.s.security.web.FilterChainProxy       [0;39m [2m:[0;39m Securing POST /error
[2m2025-08-28T09:01:50.656+05:30[0;39m [32mDEBUG[0;39m [35m65360[0;39m [2m---[0;39m [2m[nio-3000-exec-4][0;39m [2m[0;39m[36mo.s.s.w.a.AnonymousAuthenticationFilter [0;39m [2m:[0;39m Set SecurityContextHolder to anonymous SecurityContext
[2m2025-08-28T09:01:50.657+05:30[0;39m [32mDEBUG[0;39m [35m65360[0;39m [2m---[0;39m [2m[nio-3000-exec-4][0;39m [2m[0;39m[36mo.s.s.w.a.Http403ForbiddenEntryPoint    [0;39m [2m:[0;39m Pre-authenticated entry point called. Rejecting access
[2m2025-08-28T09:01:50.857+05:30[0;39m [32mDEBUG[0;39m [35m65360[0;39m [2m---[0;39m [2m[nio-3000-exec-5][0;39m [2m[0;39m[36mo.s.security.web.FilterChainProxy       [0;39m [2m:[0;39m Securing POST /signin
[2m2025-08-28T09:01:50.859+05:30[0;39m [32mDEBUG[0;39m [35m65360[0;39m [2m---[0;39m [2m[nio-3000-exec-5][0;39m [2m[0;39m[36mo.s.s.w.a.AnonymousAuthenticationFilter [0;39m [2m:[0;39m Set SecurityContextHolder to anonymous SecurityContext
[2m2025-08-28T09:01:50.860+05:30[0;39m [32mDEBUG[0;39m [35m65360[0;39m [2m---[0;39m [2m[nio-3000-exec-5][0;39m [2m[0;39m[36mo.s.s.w.a.Http403ForbiddenEntryPoint    [0;39m [2m:[0;39m Pre-authenticated entry point called. Rejecting access
[2m2025-08-28T09:01:50.861+05:30[0;39m [32mDEBUG[0;39m [35m65360[0;39m [2m---[0;39m [2m[nio-3000-exec-5][0;39m [2m[0;39m[36mo.s.security.web.FilterChainProxy       [0;39m [2m:[0;39m Securing POST /error
[2m2025-08-28T09:01:50.862+05:30[0;39m [32mDEBUG[0;39m [35m65360[0;39m [2m---[0;39m [2m[nio-3000-exec-5][0;39m [2m[0;39m[36mo.s.s.w.a.AnonymousAuthenticationFilter [0;39m [2m:[0;39m Set SecurityContextHolder to anonymous SecurityContext
[2m2025-08-28T09:01:50.862+05:30[0;39m [32mDEBUG[0;39m [35m65360[0;39m [2m---[0;39m [2m[nio-3000-exec-5][0;39m [2m[0;39m[36mo.s.s.w.a.Http403ForbiddenEntryPoint    [0;39m [2m:[0;39m Pre-authenticated entry point called. Rejecting access
[2m2025-08-28T09:01:51.045+05:30[0;39m [32mDEBUG[0;39m [35m65360[0;39m [2m---[0;39m [2m[nio-3000-exec-6][0;39m [2m[0;39m[36mo.s.security.web.FilterChainProxy       [0;39m [2m:[0;39m Securing POST /signin
[2m2025-08-28T09:01:51.046+05:30[0;39m [32mDEBUG[0;39m [35m65360[0;39m [2m---[0;39m [2m[nio-3000-exec-6][0;39m [2m[0;39m[36mo.s.s.w.a.AnonymousAuthenticationFilter [0;39m [2m:[0;39m Set SecurityContextHolder to anonymous SecurityContext
[2m2025-08-28T09:01:51.048+05:30[0;39m [32mDEBUG[0;39m [35m65360[0;39m [2m---[0;39m [2m[nio-3000-exec-6][0;39m [2m[0;39m[36mo.s.s.w.a.Http403ForbiddenEntryPoint    [0;39m [2m:[0;39m Pre-authenticated entry point called. Rejecting access
[2m2025-08-28T09:01:51.049+05:30[0;39m [32mDEBUG[0;39m [35m65360[0;39m [2m---[0;39m [2m[nio-3000-exec-6][0;39m [2m[0;39m[36mo.s.security.web.FilterChainProxy       [0;39m [2m:[0;39m Securing POST /error
[2m2025-08-28T09:01:51.050+05:30[0;39m [32mDEBUG[0;39m [35m65360[0;39m [2m---[0;39m [2m[nio-3000-exec-6][0;39m [2m[0;39m[36mo.s.s.w.a.AnonymousAuthenticationFilter [0;39m [2m:[0;39m Set SecurityContextHolder to anonymous SecurityContext
[2m2025-08-28T09:01:51.050+05:30[0;39m [32mDEBUG[0;39m [35m65360[0;39m [2m---[0;39m [2m[nio-3000-exec-6][0;39m [2m[0;39m[36mo.s.s.w.a.Http403ForbiddenEntryPoint    [0;39m [2m:[0;39m Pre-authenticated entry point called. Rejecting access
[2m2025-08-28T09:03:06.826+05:30[0;39m [32mDEBUG[0;39m [35m65360[0;39m [2m---[0;39m [2m[nio-3000-exec-9][0;39m [2m[0;39m[36mo.s.security.web.FilterChainProxy       [0;39m [2m:[0;39m Securing OPTIONS /signin
[2m2025-08-28T09:03:06.829+05:30[0;39m [32mDEBUG[0;39m [35m65360[0;39m [2m---[0;39m [2m[io-3000-exec-10][0;39m [2m[0;39m[36mo.s.security.web.FilterChainProxy       [0;39m [2m:[0;39m Securing POST /signin
[2m2025-08-28T09:03:06.830+05:30[0;39m [32mDEBUG[0;39m [35m65360[0;39m [2m---[0;39m [2m[io-3000-exec-10][0;39m [2m[0;39m[36mo.s.s.w.a.AnonymousAuthenticationFilter [0;39m [2m:[0;39m Set SecurityContextHolder to anonymous SecurityContext
[2m2025-08-28T09:03:06.831+05:30[0;39m [32mDEBUG[0;39m [35m65360[0;39m [2m---[0;39m [2m[io-3000-exec-10][0;39m [2m[0;39m[36mo.s.s.w.a.Http403ForbiddenEntryPoint    [0;39m [2m:[0;39m Pre-authenticated entry point called. Rejecting access
[2m2025-08-28T09:03:06.831+05:30[0;39m [32mDEBUG[0;39m [35m65360[0;39m [2m---[0;39m [2m[io-3000-exec-10][0;39m [2m[0;39m[36mo.s.security.web.FilterChainProxy       [0;39m [2m:[0;39m Securing POST /error
[2m2025-08-28T09:03:06.832+05:30[0;39m [32mDEBUG[0;39m [35m65360[0;39m [2m---[0;39m [2m[io-3000-exec-10][0;39m [2m[0;39m[36mo.s.s.w.a.AnonymousAuthenticationFilter [0;39m [2m:[0;39m Set SecurityContextHolder to anonymous SecurityContext
[2m2025-08-28T09:03:06.832+05:30[0;39m [32mDEBUG[0;39m [35m65360[0;39m [2m---[0;39m [2m[io-3000-exec-10][0;39m [2m[0;39m[36mo.s.s.w.a.Http403ForbiddenEntryPoint    [0;39m [2m:[0;39m Pre-authenticated entry point called. Rejecting access
[2m2025-08-28T09:03:07.351+05:30[0;39m [32mDEBUG[0;39m [35m65360[0;39m [2m---[0;39m [2m[nio-3000-exec-1][0;39m [2m[0;39m[36mo.s.security.web.FilterChainProxy       [0;39m [2m:[0;39m Securing POST /signin
[2m2025-08-28T09:03:07.353+05:30[0;39m [32mDEBUG[0;39m [35m65360[0;39m [2m---[0;39m [2m[nio-3000-exec-1][0;39m [2m[0;39m[36mo.s.s.w.a.AnonymousAuthenticationFilter [0;39m [2m:[0;39m Set SecurityContextHolder to anonymous SecurityContext
[2m2025-08-28T09:03:07.354+05:30[0;39m [32mDEBUG[0;39m [35m65360[0;39m [2m---[0;39m [2m[nio-3000-exec-1][0;39m [2m[0;39m[36mo.s.s.w.a.Http403ForbiddenEntryPoint    [0;39m [2m:[0;39m Pre-authenticated entry point called. Rejecting access
[2m2025-08-28T09:03:07.355+05:30[0;39m [32mDEBUG[0;39m [35m65360[0;39m [2m---[0;39m [2m[nio-3000-exec-1][0;39m [2m[0;39m[36mo.s.security.web.FilterChainProxy       [0;39m [2m:[0;39m Securing POST /error
[2m2025-08-28T09:03:07.355+05:30[0;39m [32mDEBUG[0;39m [35m65360[0;39m [2m---[0;39m [2m[nio-3000-exec-1][0;39m [2m[0;39m[36mo.s.s.w.a.AnonymousAuthenticationFilter [0;39m [2m:[0;39m Set SecurityContextHolder to anonymous SecurityContext
[2m2025-08-28T09:03:07.356+05:30[0;39m [32mDEBUG[0;39m [35m65360[0;39m [2m---[0;39m [2m[nio-3000-exec-1][0;39m [2m[0;39m[36mo.s.s.w.a.Http403ForbiddenEntryPoint    [0;39m [2m:[0;39m Pre-authenticated entry point called. Rejecting access
[2m2025-08-28T09:09:12.255+05:30[0;39m [32mDEBUG[0;39m [35m65360[0;39m [2m---[0;39m [2m[nio-3000-exec-4][0;39m [2m[0;39m[36mo.s.security.web.FilterChainProxy       [0;39m [2m:[0;39m Securing OPTIONS /signin
[2m2025-08-28T09:09:12.259+05:30[0;39m [32mDEBUG[0;39m [35m65360[0;39m [2m---[0;39m [2m[nio-3000-exec-5][0;39m [2m[0;39m[36mo.s.security.web.FilterChainProxy       [0;39m [2m:[0;39m Securing POST /signin
[2m2025-08-28T09:09:12.260+05:30[0;39m [32mDEBUG[0;39m [35m65360[0;39m [2m---[0;39m [2m[nio-3000-exec-5][0;39m [2m[0;39m[36mo.s.s.w.a.AnonymousAuthenticationFilter [0;39m [2m:[0;39m Set SecurityContextHolder to anonymous SecurityContext
[2m2025-08-28T09:09:12.261+05:30[0;39m [32mDEBUG[0;39m [35m65360[0;39m [2m---[0;39m [2m[nio-3000-exec-5][0;39m [2m[0;39m[36mo.s.s.w.a.Http403ForbiddenEntryPoint    [0;39m [2m:[0;39m Pre-authenticated entry point called. Rejecting access
[2m2025-08-28T09:09:12.262+05:30[0;39m [32mDEBUG[0;39m [35m65360[0;39m [2m---[0;39m [2m[nio-3000-exec-5][0;39m [2m[0;39m[36mo.s.security.web.FilterChainProxy       [0;39m [2m:[0;39m Securing POST /error
[2m2025-08-28T09:09:12.262+05:30[0;39m [32mDEBUG[0;39m [35m65360[0;39m [2m---[0;39m [2m[nio-3000-exec-5][0;39m [2m[0;39m[36mo.s.s.w.a.AnonymousAuthenticationFilter [0;39m [2m:[0;39m Set SecurityContextHolder to anonymous SecurityContext
[2m2025-08-28T09:09:12.262+05:30[0;39m [32mDEBUG[0;39m [35m65360[0;39m [2m---[0;39m [2m[nio-3000-exec-5][0;39m [2m[0;39m[36mo.s.s.w.a.Http403ForbiddenEntryPoint    [0;39m [2m:[0;39m Pre-authenticated entry point called. Rejecting access
[2m2025-08-28T09:21:42.064+05:30[0;39m [32mDEBUG[0;39m [35m65360[0;39m [2m---[0;39m [2m[nio-3000-exec-7][0;39m [2m[0;39m[36mo.s.security.web.FilterChainProxy       [0;39m [2m:[0;39m Securing OPTIONS /signin
[2m2025-08-28T09:21:42.068+05:30[0;39m [32mDEBUG[0;39m [35m65360[0;39m [2m---[0;39m [2m[nio-3000-exec-9][0;39m [2m[0;39m[36mo.s.security.web.FilterChainProxy       [0;39m [2m:[0;39m Securing POST /signin
[2m2025-08-28T09:21:42.068+05:30[0;39m [32mDEBUG[0;39m [35m65360[0;39m [2m---[0;39m [2m[nio-3000-exec-9][0;39m [2m[0;39m[36mo.s.s.w.a.AnonymousAuthenticationFilter [0;39m [2m:[0;39m Set SecurityContextHolder to anonymous SecurityContext
[2m2025-08-28T09:21:42.069+05:30[0;39m [32mDEBUG[0;39m [35m65360[0;39m [2m---[0;39m [2m[nio-3000-exec-9][0;39m [2m[0;39m[36mo.s.s.w.a.Http403ForbiddenEntryPoint    [0;39m [2m:[0;39m Pre-authenticated entry point called. Rejecting access
[2m2025-08-28T09:21:42.070+05:30[0;39m [32mDEBUG[0;39m [35m65360[0;39m [2m---[0;39m [2m[nio-3000-exec-9][0;39m [2m[0;39m[36mo.s.security.web.FilterChainProxy       [0;39m [2m:[0;39m Securing POST /error
[2m2025-08-28T09:21:42.070+05:30[0;39m [32mDEBUG[0;39m [35m65360[0;39m [2m---[0;39m [2m[nio-3000-exec-9][0;39m [2m[0;39m[36mo.s.s.w.a.AnonymousAuthenticationFilter [0;39m [2m:[0;39m Set SecurityContextHolder to anonymous SecurityContext
[2m2025-08-28T09:21:42.071+05:30[0;39m [32mDEBUG[0;39m [35m65360[0;39m [2m---[0;39m [2m[nio-3000-exec-9][0;39m [2m[0;39m[36mo.s.s.w.a.Http403ForbiddenEntryPoint    [0;39m [2m:[0;39m Pre-authenticated entry point called. Rejecting access
[2m2025-08-28T09:22:03.120+05:30[0;39m [32mDEBUG[0;39m [35m65360[0;39m [2m---[0;39m [2m[io-3000-exec-10][0;39m [2m[0;39m[36mo.s.security.web.FilterChainProxy       [0;39m [2m:[0;39m Securing OPTIONS /signin
[2m2025-08-28T09:22:03.123+05:30[0;39m [32mDEBUG[0;39m [35m65360[0;39m [2m---[0;39m [2m[nio-3000-exec-1][0;39m [2m[0;39m[36mo.s.security.web.FilterChainProxy       [0;39m [2m:[0;39m Securing POST /signin
[2m2025-08-28T09:22:03.124+05:30[0;39m [32mDEBUG[0;39m [35m65360[0;39m [2m---[0;39m [2m[nio-3000-exec-1][0;39m [2m[0;39m[36mo.s.s.w.a.AnonymousAuthenticationFilter [0;39m [2m:[0;39m Set SecurityContextHolder to anonymous SecurityContext
[2m2025-08-28T09:22:03.125+05:30[0;39m [32mDEBUG[0;39m [35m65360[0;39m [2m---[0;39m [2m[nio-3000-exec-1][0;39m [2m[0;39m[36mo.s.s.w.a.Http403ForbiddenEntryPoint    [0;39m [2m:[0;39m Pre-authenticated entry point called. Rejecting access
[2m2025-08-28T09:22:03.125+05:30[0;39m [32mDEBUG[0;39m [35m65360[0;39m [2m---[0;39m [2m[nio-3000-exec-1][0;39m [2m[0;39m[36mo.s.security.web.FilterChainProxy       [0;39m [2m:[0;39m Securing POST /error
[2m2025-08-28T09:22:03.126+05:30[0;39m [32mDEBUG[0;39m [35m65360[0;39m [2m---[0;39m [2m[nio-3000-exec-1][0;39m [2m[0;39m[36mo.s.s.w.a.AnonymousAuthenticationFilter [0;39m [2m:[0;39m Set SecurityContextHolder to anonymous SecurityContext
[2m2025-08-28T09:22:03.126+05:30[0;39m [32mDEBUG[0;39m [35m65360[0;39m [2m---[0;39m [2m[nio-3000-exec-1][0;39m [2m[0;39m[36mo.s.s.w.a.Http403ForbiddenEntryPoint    [0;39m [2m:[0;39m Pre-authenticated entry point called. Rejecting access
[2m2025-08-28T09:22:03.807+05:30[0;39m [32mDEBUG[0;39m [35m65360[0;39m [2m---[0;39m [2m[nio-3000-exec-3][0;39m [2m[0;39m[36mo.s.security.web.FilterChainProxy       [0;39m [2m:[0;39m Securing POST /signin
[2m2025-08-28T09:22:03.808+05:30[0;39m [32mDEBUG[0;39m [35m65360[0;39m [2m---[0;39m [2m[nio-3000-exec-3][0;39m [2m[0;39m[36mo.s.s.w.a.AnonymousAuthenticationFilter [0;39m [2m:[0;39m Set SecurityContextHolder to anonymous SecurityContext
[2m2025-08-28T09:22:03.809+05:30[0;39m [32mDEBUG[0;39m [35m65360[0;39m [2m---[0;39m [2m[nio-3000-exec-3][0;39m [2m[0;39m[36mo.s.s.w.a.Http403ForbiddenEntryPoint    [0;39m [2m:[0;39m Pre-authenticated entry point called. Rejecting access
[2m2025-08-28T09:22:03.810+05:30[0;39m [32mDEBUG[0;39m [35m65360[0;39m [2m---[0;39m [2m[nio-3000-exec-3][0;39m [2m[0;39m[36mo.s.security.web.FilterChainProxy       [0;39m [2m:[0;39m Securing POST /error
[2m2025-08-28T09:22:03.811+05:30[0;39m [32mDEBUG[0;39m [35m65360[0;39m [2m---[0;39m [2m[nio-3000-exec-3][0;39m [2m[0;39m[36mo.s.s.w.a.AnonymousAuthenticationFilter [0;39m [2m:[0;39m Set SecurityContextHolder to anonymous SecurityContext
[2m2025-08-28T09:22:03.811+05:30[0;39m [32mDEBUG[0;39m [35m65360[0;39m [2m---[0;39m [2m[nio-3000-exec-3][0;39m [2m[0;39m[36mo.s.s.w.a.Http403ForbiddenEntryPoint    [0;39m [2m:[0;39m Pre-authenticated entry point called. Rejecting access
[2m2025-08-28T09:22:04.190+05:30[0;39m [32mDEBUG[0;39m [35m65360[0;39m [2m---[0;39m [2m[nio-3000-exec-2][0;39m [2m[0;39m[36mo.s.security.web.FilterChainProxy       [0;39m [2m:[0;39m Securing POST /signin
[2m2025-08-28T09:22:04.191+05:30[0;39m [32mDEBUG[0;39m [35m65360[0;39m [2m---[0;39m [2m[nio-3000-exec-2][0;39m [2m[0;39m[36mo.s.s.w.a.AnonymousAuthenticationFilter [0;39m [2m:[0;39m Set SecurityContextHolder to anonymous SecurityContext
[2m2025-08-28T09:22:04.193+05:30[0;39m [32mDEBUG[0;39m [35m65360[0;39m [2m---[0;39m [2m[nio-3000-exec-2][0;39m [2m[0;39m[36mo.s.s.w.a.Http403ForbiddenEntryPoint    [0;39m [2m:[0;39m Pre-authenticated entry point called. Rejecting access
[2m2025-08-28T09:22:04.193+05:30[0;39m [32mDEBUG[0;39m [35m65360[0;39m [2m---[0;39m [2m[nio-3000-exec-2][0;39m [2m[0;39m[36mo.s.security.web.FilterChainProxy       [0;39m [2m:[0;39m Securing POST /error
[2m2025-08-28T09:22:04.194+05:30[0;39m [32mDEBUG[0;39m [35m65360[0;39m [2m---[0;39m [2m[nio-3000-exec-2][0;39m [2m[0;39m[36mo.s.s.w.a.AnonymousAuthenticationFilter [0;39m [2m:[0;39m Set SecurityContextHolder to anonymous SecurityContext
[2m2025-08-28T09:22:04.194+05:30[0;39m [32mDEBUG[0;39m [35m65360[0;39m [2m---[0;39m [2m[nio-3000-exec-2][0;39m [2m[0;39m[36mo.s.s.w.a.Http403ForbiddenEntryPoint    [0;39m [2m:[0;39m Pre-authenticated entry point called. Rejecting access
[2m2025-08-28T09:22:04.338+05:30[0;39m [32mDEBUG[0;39m [35m65360[0;39m [2m---[0;39m [2m[nio-3000-exec-4][0;39m [2m[0;39m[36mo.s.security.web.FilterChainProxy       [0;39m [2m:[0;39m Securing POST /signin
[2m2025-08-28T09:22:04.339+05:30[0;39m [32mDEBUG[0;39m [35m65360[0;39m [2m---[0;39m [2m[nio-3000-exec-4][0;39m [2m[0;39m[36mo.s.s.w.a.AnonymousAuthenticationFilter [0;39m [2m:[0;39m Set SecurityContextHolder to anonymous SecurityContext
[2m2025-08-28T09:22:04.340+05:30[0;39m [32mDEBUG[0;39m [35m65360[0;39m [2m---[0;39m [2m[nio-3000-exec-4][0;39m [2m[0;39m[36mo.s.s.w.a.Http403ForbiddenEntryPoint    [0;39m [2m:[0;39m Pre-authenticated entry point called. Rejecting access
[2m2025-08-28T09:22:04.341+05:30[0;39m [32mDEBUG[0;39m [35m65360[0;39m [2m---[0;39m [2m[nio-3000-exec-4][0;39m [2m[0;39m[36mo.s.security.web.FilterChainProxy       [0;39m [2m:[0;39m Securing POST /error
[2m2025-08-28T09:22:04.341+05:30[0;39m [32mDEBUG[0;39m [35m65360[0;39m [2m---[0;39m [2m[nio-3000-exec-4][0;39m [2m[0;39m[36mo.s.s.w.a.AnonymousAuthenticationFilter [0;39m [2m:[0;39m Set SecurityContextHolder to anonymous SecurityContext
[2m2025-08-28T09:22:04.341+05:30[0;39m [32mDEBUG[0;39m [35m65360[0;39m [2m---[0;39m [2m[nio-3000-exec-4][0;39m [2m[0;39m[36mo.s.s.w.a.Http403ForbiddenEntryPoint    [0;39m [2m:[0;39m Pre-authenticated entry point called. Rejecting access
[2m2025-08-28T09:22:04.874+05:30[0;39m [32mDEBUG[0;39m [35m65360[0;39m [2m---[0;39m [2m[nio-3000-exec-5][0;39m [2m[0;39m[36mo.s.security.web.FilterChainProxy       [0;39m [2m:[0;39m Securing POST /signin
[2m2025-08-28T09:22:04.876+05:30[0;39m [32mDEBUG[0;39m [35m65360[0;39m [2m---[0;39m [2m[nio-3000-exec-5][0;39m [2m[0;39m[36mo.s.s.w.a.AnonymousAuthenticationFilter [0;39m [2m:[0;39m Set SecurityContextHolder to anonymous SecurityContext
[2m2025-08-28T09:22:04.877+05:30[0;39m [32mDEBUG[0;39m [35m65360[0;39m [2m---[0;39m [2m[nio-3000-exec-5][0;39m [2m[0;39m[36mo.s.s.w.a.Http403ForbiddenEntryPoint    [0;39m [2m:[0;39m Pre-authenticated entry point called. Rejecting access
[2m2025-08-28T09:22:04.877+05:30[0;39m [32mDEBUG[0;39m [35m65360[0;39m [2m---[0;39m [2m[nio-3000-exec-5][0;39m [2m[0;39m[36mo.s.security.web.FilterChainProxy       [0;39m [2m:[0;39m Securing POST /error
[2m2025-08-28T09:22:04.878+05:30[0;39m [32mDEBUG[0;39m [35m65360[0;39m [2m---[0;39m [2m[nio-3000-exec-5][0;39m [2m[0;39m[36mo.s.s.w.a.AnonymousAuthenticationFilter [0;39m [2m:[0;39m Set SecurityContextHolder to anonymous SecurityContext
[2m2025-08-28T09:22:04.878+05:30[0;39m [32mDEBUG[0;39m [35m65360[0;39m [2m---[0;39m [2m[nio-3000-exec-5][0;39m [2m[0;39m[36mo.s.s.w.a.Http403ForbiddenEntryPoint    [0;39m [2m:[0;39m Pre-authenticated entry point called. Rejecting access
[2m2025-08-28T09:22:18.319+05:30[0;39m [32mDEBUG[0;39m [35m65360[0;39m [2m---[0;39m [2m[nio-3000-exec-8][0;39m [2m[0;39m[36mo.s.security.web.FilterChainProxy       [0;39m [2m:[0;39m Securing OPTIONS /signup
[2m2025-08-28T09:22:18.322+05:30[0;39m [32mDEBUG[0;39m [35m65360[0;39m [2m---[0;39m [2m[nio-3000-exec-6][0;39m [2m[0;39m[36mo.s.security.web.FilterChainProxy       [0;39m [2m:[0;39m Securing POST /signup
[2m2025-08-28T09:22:18.323+05:30[0;39m [32mDEBUG[0;39m [35m65360[0;39m [2m---[0;39m [2m[nio-3000-exec-6][0;39m [2m[0;39m[36mo.s.s.w.a.AnonymousAuthenticationFilter [0;39m [2m:[0;39m Set SecurityContextHolder to anonymous SecurityContext
[2m2025-08-28T09:22:18.324+05:30[0;39m [32mDEBUG[0;39m [35m65360[0;39m [2m---[0;39m [2m[nio-3000-exec-6][0;39m [2m[0;39m[36mo.s.s.w.a.Http403ForbiddenEntryPoint    [0;39m [2m:[0;39m Pre-authenticated entry point called. Rejecting access
[2m2025-08-28T09:22:18.324+05:30[0;39m [32mDEBUG[0;39m [35m65360[0;39m [2m---[0;39m [2m[nio-3000-exec-6][0;39m [2m[0;39m[36mo.s.security.web.FilterChainProxy       [0;39m [2m:[0;39m Securing POST /error
[2m2025-08-28T09:22:18.324+05:30[0;39m [32mDEBUG[0;39m [35m65360[0;39m [2m---[0;39m [2m[nio-3000-exec-6][0;39m [2m[0;39m[36mo.s.s.w.a.AnonymousAuthenticationFilter [0;39m [2m:[0;39m Set SecurityContextHolder to anonymous SecurityContext
[2m2025-08-28T09:22:18.325+05:30[0;39m [32mDEBUG[0;39m [35m65360[0;39m [2m---[0;39m [2m[nio-3000-exec-6][0;39m [2m[0;39m[36mo.s.s.w.a.Http403ForbiddenEntryPoint    [0;39m [2m:[0;39m Pre-authenticated entry point called. Rejecting access
[2m2025-08-28T09:22:33.470+05:30[0;39m [32mDEBUG[0;39m [35m65360[0;39m [2m---[0;39m [2m[nio-3000-exec-7][0;39m [2m[0;39m[36mo.s.security.web.FilterChainProxy       [0;39m [2m:[0;39m Securing OPTIONS /signup
[2m2025-08-28T09:22:33.474+05:30[0;39m [32mDEBUG[0;39m [35m65360[0;39m [2m---[0;39m [2m[nio-3000-exec-9][0;39m [2m[0;39m[36mo.s.security.web.FilterChainProxy       [0;39m [2m:[0;39m Securing POST /signup
[2m2025-08-28T09:22:33.474+05:30[0;39m [32mDEBUG[0;39m [35m65360[0;39m [2m---[0;39m [2m[nio-3000-exec-9][0;39m [2m[0;39m[36mo.s.s.w.a.AnonymousAuthenticationFilter [0;39m [2m:[0;39m Set SecurityContextHolder to anonymous SecurityContext
[2m2025-08-28T09:22:33.475+05:30[0;39m [32mDEBUG[0;39m [35m65360[0;39m [2m---[0;39m [2m[nio-3000-exec-9][0;39m [2m[0;39m[36mo.s.s.w.a.Http403ForbiddenEntryPoint    [0;39m [2m:[0;39m Pre-authenticated entry point called. Rejecting access
[2m2025-08-28T09:22:33.476+05:30[0;39m [32mDEBUG[0;39m [35m65360[0;39m [2m---[0;39m [2m[nio-3000-exec-9][0;39m [2m[0;39m[36mo.s.security.web.FilterChainProxy       [0;39m [2m:[0;39m Securing POST /error
[2m2025-08-28T09:22:33.476+05:30[0;39m [32mDEBUG[0;39m [35m65360[0;39m [2m---[0;39m [2m[nio-3000-exec-9][0;39m [2m[0;39m[36mo.s.s.w.a.AnonymousAuthenticationFilter [0;39m [2m:[0;39m Set SecurityContextHolder to anonymous SecurityContext
[2m2025-08-28T09:22:33.476+05:30[0;39m [32mDEBUG[0;39m [35m65360[0;39m [2m---[0;39m [2m[nio-3000-exec-9][0;39m [2m[0;39m[36mo.s.s.w.a.Http403ForbiddenEntryPoint    [0;39m [2m:[0;39m Pre-authenticated entry point called. Rejecting access
[2m2025-08-28T09:22:45.769+05:30[0;39m [32mDEBUG[0;39m [35m65360[0;39m [2m---[0;39m [2m[io-3000-exec-10][0;39m [2m[0;39m[36mo.s.security.web.FilterChainProxy       [0;39m [2m:[0;39m Securing OPTIONS /signup
[2m2025-08-28T09:22:45.772+05:30[0;39m [32mDEBUG[0;39m [35m65360[0;39m [2m---[0;39m [2m[nio-3000-exec-1][0;39m [2m[0;39m[36mo.s.security.web.FilterChainProxy       [0;39m [2m:[0;39m Securing POST /signup
[2m2025-08-28T09:22:45.773+05:30[0;39m [32mDEBUG[0;39m [35m65360[0;39m [2m---[0;39m [2m[nio-3000-exec-1][0;39m [2m[0;39m[36mo.s.s.w.a.AnonymousAuthenticationFilter [0;39m [2m:[0;39m Set SecurityContextHolder to anonymous SecurityContext
[2m2025-08-28T09:22:45.774+05:30[0;39m [32mDEBUG[0;39m [35m65360[0;39m [2m---[0;39m [2m[nio-3000-exec-1][0;39m [2m[0;39m[36mo.s.s.w.a.Http403ForbiddenEntryPoint    [0;39m [2m:[0;39m Pre-authenticated entry point called. Rejecting access
[2m2025-08-28T09:22:45.774+05:30[0;39m [32mDEBUG[0;39m [35m65360[0;39m [2m---[0;39m [2m[nio-3000-exec-1][0;39m [2m[0;39m[36mo.s.security.web.FilterChainProxy       [0;39m [2m:[0;39m Securing POST /error
[2m2025-08-28T09:22:45.775+05:30[0;39m [32mDEBUG[0;39m [35m65360[0;39m [2m---[0;39m [2m[nio-3000-exec-1][0;39m [2m[0;39m[36mo.s.s.w.a.AnonymousAuthenticationFilter [0;39m [2m:[0;39m Set SecurityContextHolder to anonymous SecurityContext
[2m2025-08-28T09:22:45.775+05:30[0;39m [32mDEBUG[0;39m [35m65360[0;39m [2m---[0;39m [2m[nio-3000-exec-1][0;39m [2m[0;39m[36mo.s.s.w.a.Http403ForbiddenEntryPoint    [0;39m [2m:[0;39m Pre-authenticated entry point called. Rejecting access
[2m2025-08-28T09:23:25.615+05:30[0;39m [32mDEBUG[0;39m [35m65360[0;39m [2m---[0;39m [2m[nio-3000-exec-3][0;39m [2m[0;39m[36mo.s.security.web.FilterChainProxy       [0;39m [2m:[0;39m Securing OPTIONS /signup
[2m2025-08-28T09:23:25.619+05:30[0;39m [32mDEBUG[0;39m [35m65360[0;39m [2m---[0;39m [2m[nio-3000-exec-2][0;39m [2m[0;39m[36mo.s.security.web.FilterChainProxy       [0;39m [2m:[0;39m Securing POST /signup
[2m2025-08-28T09:23:25.619+05:30[0;39m [32mDEBUG[0;39m [35m65360[0;39m [2m---[0;39m [2m[nio-3000-exec-2][0;39m [2m[0;39m[36mo.s.s.w.a.AnonymousAuthenticationFilter [0;39m [2m:[0;39m Set SecurityContextHolder to anonymous SecurityContext
[2m2025-08-28T09:23:25.620+05:30[0;39m [32mDEBUG[0;39m [35m65360[0;39m [2m---[0;39m [2m[nio-3000-exec-2][0;39m [2m[0;39m[36mo.s.s.w.a.Http403ForbiddenEntryPoint    [0;39m [2m:[0;39m Pre-authenticated entry point called. Rejecting access
[2m2025-08-28T09:23:25.621+05:30[0;39m [32mDEBUG[0;39m [35m65360[0;39m [2m---[0;39m [2m[nio-3000-exec-2][0;39m [2m[0;39m[36mo.s.security.web.FilterChainProxy       [0;39m [2m:[0;39m Securing POST /error
[2m2025-08-28T09:23:25.621+05:30[0;39m [32mDEBUG[0;39m [35m65360[0;39m [2m---[0;39m [2m[nio-3000-exec-2][0;39m [2m[0;39m[36mo.s.s.w.a.AnonymousAuthenticationFilter [0;39m [2m:[0;39m Set SecurityContextHolder to anonymous SecurityContext
[2m2025-08-28T09:23:25.621+05:30[0;39m [32mDEBUG[0;39m [35m65360[0;39m [2m---[0;39m [2m[nio-3000-exec-2][0;39m [2m[0;39m[36mo.s.s.w.a.Http403ForbiddenEntryPoint    [0;39m [2m:[0;39m Pre-authenticated entry point called. Rejecting access
[2m2025-08-28T09:23:48.378+05:30[0;39m [32mDEBUG[0;39m [35m65360[0;39m [2m---[0;39m [2m[nio-3000-exec-4][0;39m [2m[0;39m[36mo.s.security.web.FilterChainProxy       [0;39m [2m:[0;39m Securing OPTIONS /signup
[2m2025-08-28T09:23:48.380+05:30[0;39m [32mDEBUG[0;39m [35m65360[0;39m [2m---[0;39m [2m[nio-3000-exec-5][0;39m [2m[0;39m[36mo.s.security.web.FilterChainProxy       [0;39m [2m:[0;39m Securing POST /signup
[2m2025-08-28T09:23:48.381+05:30[0;39m [32mDEBUG[0;39m [35m65360[0;39m [2m---[0;39m [2m[nio-3000-exec-5][0;39m [2m[0;39m[36mo.s.s.w.a.AnonymousAuthenticationFilter [0;39m [2m:[0;39m Set SecurityContextHolder to anonymous SecurityContext
[2m2025-08-28T09:23:48.382+05:30[0;39m [32mDEBUG[0;39m [35m65360[0;39m [2m---[0;39m [2m[nio-3000-exec-5][0;39m [2m[0;39m[36mo.s.s.w.a.Http403ForbiddenEntryPoint    [0;39m [2m:[0;39m Pre-authenticated entry point called. Rejecting access
[2m2025-08-28T09:23:48.383+05:30[0;39m [32mDEBUG[0;39m [35m65360[0;39m [2m---[0;39m [2m[nio-3000-exec-5][0;39m [2m[0;39m[36mo.s.security.web.FilterChainProxy       [0;39m [2m:[0;39m Securing POST /error
[2m2025-08-28T09:23:48.383+05:30[0;39m [32mDEBUG[0;39m [35m65360[0;39m [2m---[0;39m [2m[nio-3000-exec-5][0;39m [2m[0;39m[36mo.s.s.w.a.AnonymousAuthenticationFilter [0;39m [2m:[0;39m Set SecurityContextHolder to anonymous SecurityContext
[2m2025-08-28T09:23:48.383+05:30[0;39m [32mDEBUG[0;39m [35m65360[0;39m [2m---[0;39m [2m[nio-3000-exec-5][0;39m [2m[0;39m[36mo.s.s.w.a.Http403ForbiddenEntryPoint    [0;39m [2m:[0;39m Pre-authenticated entry point called. Rejecting access
[2m2025-08-28T09:23:58.812+05:30[0;39m [32mDEBUG[0;39m [35m65360[0;39m [2m---[0;39m [2m[nio-3000-exec-8][0;39m [2m[0;39m[36mo.s.security.web.FilterChainProxy       [0;39m [2m:[0;39m Securing OPTIONS /signin
[2m2025-08-28T09:23:58.815+05:30[0;39m [32mDEBUG[0;39m [35m65360[0;39m [2m---[0;39m [2m[nio-3000-exec-6][0;39m [2m[0;39m[36mo.s.security.web.FilterChainProxy       [0;39m [2m:[0;39m Securing POST /signin
[2m2025-08-28T09:23:58.816+05:30[0;39m [32mDEBUG[0;39m [35m65360[0;39m [2m---[0;39m [2m[nio-3000-exec-6][0;39m [2m[0;39m[36mo.s.s.w.a.AnonymousAuthenticationFilter [0;39m [2m:[0;39m Set SecurityContextHolder to anonymous SecurityContext
[2m2025-08-28T09:23:58.817+05:30[0;39m [32mDEBUG[0;39m [35m65360[0;39m [2m---[0;39m [2m[nio-3000-exec-6][0;39m [2m[0;39m[36mo.s.s.w.a.Http403ForbiddenEntryPoint    [0;39m [2m:[0;39m Pre-authenticated entry point called. Rejecting access
[2m2025-08-28T09:23:58.818+05:30[0;39m [32mDEBUG[0;39m [35m65360[0;39m [2m---[0;39m [2m[nio-3000-exec-6][0;39m [2m[0;39m[36mo.s.security.web.FilterChainProxy       [0;39m [2m:[0;39m Securing POST /error
[2m2025-08-28T09:23:58.818+05:30[0;39m [32mDEBUG[0;39m [35m65360[0;39m [2m---[0;39m [2m[nio-3000-exec-6][0;39m [2m[0;39m[36mo.s.s.w.a.AnonymousAuthenticationFilter [0;39m [2m:[0;39m Set SecurityContextHolder to anonymous SecurityContext
[2m2025-08-28T09:23:58.818+05:30[0;39m [32mDEBUG[0;39m [35m65360[0;39m [2m---[0;39m [2m[nio-3000-exec-6][0;39m [2m[0;39m[36mo.s.s.w.a.Http403ForbiddenEntryPoint    [0;39m [2m:[0;39m Pre-authenticated entry point called. Rejecting access
[2m2025-08-28T09:23:59.328+05:30[0;39m [32mDEBUG[0;39m [35m65360[0;39m [2m---[0;39m [2m[nio-3000-exec-7][0;39m [2m[0;39m[36mo.s.security.web.FilterChainProxy       [0;39m [2m:[0;39m Securing POST /signin
[2m2025-08-28T09:23:59.329+05:30[0;39m [32mDEBUG[0;39m [35m65360[0;39m [2m---[0;39m [2m[nio-3000-exec-7][0;39m [2m[0;39m[36mo.s.s.w.a.AnonymousAuthenticationFilter [0;39m [2m:[0;39m Set SecurityContextHolder to anonymous SecurityContext
[2m2025-08-28T09:23:59.330+05:30[0;39m [32mDEBUG[0;39m [35m65360[0;39m [2m---[0;39m [2m[nio-3000-exec-7][0;39m [2m[0;39m[36mo.s.s.w.a.Http403ForbiddenEntryPoint    [0;39m [2m:[0;39m Pre-authenticated entry point called. Rejecting access
[2m2025-08-28T09:23:59.331+05:30[0;39m [32mDEBUG[0;39m [35m65360[0;39m [2m---[0;39m [2m[nio-3000-exec-7][0;39m [2m[0;39m[36mo.s.security.web.FilterChainProxy       [0;39m [2m:[0;39m Securing POST /error
[2m2025-08-28T09:23:59.331+05:30[0;39m [32mDEBUG[0;39m [35m65360[0;39m [2m---[0;39m [2m[nio-3000-exec-7][0;39m [2m[0;39m[36mo.s.s.w.a.AnonymousAuthenticationFilter [0;39m [2m:[0;39m Set SecurityContextHolder to anonymous SecurityContext
[2m2025-08-28T09:23:59.331+05:30[0;39m [32mDEBUG[0;39m [35m65360[0;39m [2m---[0;39m [2m[nio-3000-exec-7][0;39m [2m[0;39m[36mo.s.s.w.a.Http403ForbiddenEntryPoint    [0;39m [2m:[0;39m Pre-authenticated entry point called. Rejecting access
[2m2025-08-28T09:24:04.553+05:30[0;39m [32mDEBUG[0;39m [35m65360[0;39m [2m---[0;39m [2m[nio-3000-exec-9][0;39m [2m[0;39m[36mo.s.security.web.FilterChainProxy       [0;39m [2m:[0;39m Securing OPTIONS /signup
[2m2025-08-28T09:24:04.556+05:30[0;39m [32mDEBUG[0;39m [35m65360[0;39m [2m---[0;39m [2m[io-3000-exec-10][0;39m [2m[0;39m[36mo.s.security.web.FilterChainProxy       [0;39m [2m:[0;39m Securing POST /signup
[2m2025-08-28T09:24:04.557+05:30[0;39m [32mDEBUG[0;39m [35m65360[0;39m [2m---[0;39m [2m[io-3000-exec-10][0;39m [2m[0;39m[36mo.s.s.w.a.AnonymousAuthenticationFilter [0;39m [2m:[0;39m Set SecurityContextHolder to anonymous SecurityContext
[2m2025-08-28T09:24:04.558+05:30[0;39m [32mDEBUG[0;39m [35m65360[0;39m [2m---[0;39m [2m[io-3000-exec-10][0;39m [2m[0;39m[36mo.s.s.w.a.Http403ForbiddenEntryPoint    [0;39m [2m:[0;39m Pre-authenticated entry point called. Rejecting access
[2m2025-08-28T09:24:04.559+05:30[0;39m [32mDEBUG[0;39m [35m65360[0;39m [2m---[0;39m [2m[io-3000-exec-10][0;39m [2m[0;39m[36mo.s.security.web.FilterChainProxy       [0;39m [2m:[0;39m Securing POST /error
[2m2025-08-28T09:24:04.559+05:30[0;39m [32mDEBUG[0;39m [35m65360[0;39m [2m---[0;39m [2m[io-3000-exec-10][0;39m [2m[0;39m[36mo.s.s.w.a.AnonymousAuthenticationFilter [0;39m [2m:[0;39m Set SecurityContextHolder to anonymous SecurityContext
[2m2025-08-28T09:24:04.559+05:30[0;39m [32mDEBUG[0;39m [35m65360[0;39m [2m---[0;39m [2m[io-3000-exec-10][0;39m [2m[0;39m[36mo.s.s.w.a.Http403ForbiddenEntryPoint    [0;39m [2m:[0;39m Pre-authenticated entry point called. Rejecting access
[2m2025-08-28T09:24:15.902+05:30[0;39m [32mDEBUG[0;39m [35m65360[0;39m [2m---[0;39m [2m[nio-3000-exec-1][0;39m [2m[0;39m[36mo.s.security.web.FilterChainProxy       [0;39m [2m:[0;39m Securing OPTIONS /signup
[2m2025-08-28T09:24:15.905+05:30[0;39m [32mDEBUG[0;39m [35m65360[0;39m [2m---[0;39m [2m[nio-3000-exec-3][0;39m [2m[0;39m[36mo.s.security.web.FilterChainProxy       [0;39m [2m:[0;39m Securing POST /signup
[2m2025-08-28T09:24:15.906+05:30[0;39m [32mDEBUG[0;39m [35m65360[0;39m [2m---[0;39m [2m[nio-3000-exec-3][0;39m [2m[0;39m[36mo.s.s.w.a.AnonymousAuthenticationFilter [0;39m [2m:[0;39m Set SecurityContextHolder to anonymous SecurityContext
[2m2025-08-28T09:24:15.907+05:30[0;39m [32mDEBUG[0;39m [35m65360[0;39m [2m---[0;39m [2m[nio-3000-exec-3][0;39m [2m[0;39m[36mo.s.s.w.a.Http403ForbiddenEntryPoint    [0;39m [2m:[0;39m Pre-authenticated entry point called. Rejecting access
[2m2025-08-28T09:24:15.907+05:30[0;39m [32mDEBUG[0;39m [35m65360[0;39m [2m---[0;39m [2m[nio-3000-exec-3][0;39m [2m[0;39m[36mo.s.security.web.FilterChainProxy       [0;39m [2m:[0;39m Securing POST /error
[2m2025-08-28T09:24:15.907+05:30[0;39m [32mDEBUG[0;39m [35m65360[0;39m [2m---[0;39m [2m[nio-3000-exec-3][0;39m [2m[0;39m[36mo.s.s.w.a.AnonymousAuthenticationFilter [0;39m [2m:[0;39m Set SecurityContextHolder to anonymous SecurityContext
[2m2025-08-28T09:24:15.907+05:30[0;39m [32mDEBUG[0;39m [35m65360[0;39m [2m---[0;39m [2m[nio-3000-exec-3][0;39m [2m[0;39m[36mo.s.s.w.a.Http403ForbiddenEntryPoint    [0;39m [2m:[0;39m Pre-authenticated entry point called. Rejecting access
[2m2025-08-28T09:26:31.726+05:30[0;39m [32mDEBUG[0;39m [35m65360[0;39m [2m---[0;39m [2m[nio-3000-exec-5][0;39m [2m[0;39m[36mo.s.security.web.FilterChainProxy       [0;39m [2m:[0;39m Securing OPTIONS /signup
[2m2025-08-28T09:26:31.729+05:30[0;39m [32mDEBUG[0;39m [35m65360[0;39m [2m---[0;39m [2m[nio-3000-exec-8][0;39m [2m[0;39m[36mo.s.security.web.FilterChainProxy       [0;39m [2m:[0;39m Securing POST /signup
[2m2025-08-28T09:26:31.730+05:30[0;39m [32mDEBUG[0;39m [35m65360[0;39m [2m---[0;39m [2m[nio-3000-exec-8][0;39m [2m[0;39m[36mo.s.s.w.a.AnonymousAuthenticationFilter [0;39m [2m:[0;39m Set SecurityContextHolder to anonymous SecurityContext
[2m2025-08-28T09:26:31.731+05:30[0;39m [32mDEBUG[0;39m [35m65360[0;39m [2m---[0;39m [2m[nio-3000-exec-8][0;39m [2m[0;39m[36mo.s.s.w.a.Http403ForbiddenEntryPoint    [0;39m [2m:[0;39m Pre-authenticated entry point called. Rejecting access
[2m2025-08-28T09:26:31.731+05:30[0;39m [32mDEBUG[0;39m [35m65360[0;39m [2m---[0;39m [2m[nio-3000-exec-8][0;39m [2m[0;39m[36mo.s.security.web.FilterChainProxy       [0;39m [2m:[0;39m Securing POST /error
[2m2025-08-28T09:26:31.732+05:30[0;39m [32mDEBUG[0;39m [35m65360[0;39m [2m---[0;39m [2m[nio-3000-exec-8][0;39m [2m[0;39m[36mo.s.s.w.a.AnonymousAuthenticationFilter [0;39m [2m:[0;39m Set SecurityContextHolder to anonymous SecurityContext
[2m2025-08-28T09:26:31.733+05:30[0;39m [32mDEBUG[0;39m [35m65360[0;39m [2m---[0;39m [2m[nio-3000-exec-8][0;39m [2m[0;39m[36mo.s.s.w.a.Http403ForbiddenEntryPoint    [0;39m [2m:[0;39m Pre-authenticated entry point called. Rejecting access
[2m2025-08-28T09:26:59.078+05:30[0;39m [32mDEBUG[0;39m [35m65360[0;39m [2m---[0;39m [2m[nio-3000-exec-6][0;39m [2m[0;39m[36mo.s.security.web.FilterChainProxy       [0;39m [2m:[0;39m Securing OPTIONS /signup
[2m2025-08-28T09:26:59.082+05:30[0;39m [32mDEBUG[0;39m [35m65360[0;39m [2m---[0;39m [2m[nio-3000-exec-7][0;39m [2m[0;39m[36mo.s.security.web.FilterChainProxy       [0;39m [2m:[0;39m Securing POST /signup
[2m2025-08-28T09:26:59.083+05:30[0;39m [32mDEBUG[0;39m [35m65360[0;39m [2m---[0;39m [2m[nio-3000-exec-7][0;39m [2m[0;39m[36mo.s.s.w.a.AnonymousAuthenticationFilter [0;39m [2m:[0;39m Set SecurityContextHolder to anonymous SecurityContext
[2m2025-08-28T09:26:59.085+05:30[0;39m [32mDEBUG[0;39m [35m65360[0;39m [2m---[0;39m [2m[nio-3000-exec-7][0;39m [2m[0;39m[36mo.s.s.w.a.Http403ForbiddenEntryPoint    [0;39m [2m:[0;39m Pre-authenticated entry point called. Rejecting access
[2m2025-08-28T09:26:59.086+05:30[0;39m [32mDEBUG[0;39m [35m65360[0;39m [2m---[0;39m [2m[nio-3000-exec-7][0;39m [2m[0;39m[36mo.s.security.web.FilterChainProxy       [0;39m [2m:[0;39m Securing POST /error
[2m2025-08-28T09:26:59.086+05:30[0;39m [32mDEBUG[0;39m [35m65360[0;39m [2m---[0;39m [2m[nio-3000-exec-7][0;39m [2m[0;39m[36mo.s.s.w.a.AnonymousAuthenticationFilter [0;39m [2m:[0;39m Set SecurityContextHolder to anonymous SecurityContext
[2m2025-08-28T09:26:59.087+05:30[0;39m [32mDEBUG[0;39m [35m65360[0;39m [2m---[0;39m [2m[nio-3000-exec-7][0;39m [2m[0;39m[36mo.s.s.w.a.Http403ForbiddenEntryPoint    [0;39m [2m:[0;39m Pre-authenticated entry point called. Rejecting access
[2m2025-08-28T09:27:12.418+05:30[0;39m [32mDEBUG[0;39m [35m65360[0;39m [2m---[0;39m [2m[nio-3000-exec-9][0;39m [2m[0;39m[36mo.s.security.web.FilterChainProxy       [0;39m [2m:[0;39m Securing OPTIONS /signup
[2m2025-08-28T09:27:12.422+05:30[0;39m [32mDEBUG[0;39m [35m65360[0;39m [2m---[0;39m [2m[io-3000-exec-10][0;39m [2m[0;39m[36mo.s.security.web.FilterChainProxy       [0;39m [2m:[0;39m Securing POST /signup
[2m2025-08-28T09:27:12.422+05:30[0;39m [32mDEBUG[0;39m [35m65360[0;39m [2m---[0;39m [2m[io-3000-exec-10][0;39m [2m[0;39m[36mo.s.s.w.a.AnonymousAuthenticationFilter [0;39m [2m:[0;39m Set SecurityContextHolder to anonymous SecurityContext
[2m2025-08-28T09:27:12.423+05:30[0;39m [32mDEBUG[0;39m [35m65360[0;39m [2m---[0;39m [2m[io-3000-exec-10][0;39m [2m[0;39m[36mo.s.s.w.a.Http403ForbiddenEntryPoint    [0;39m [2m:[0;39m Pre-authenticated entry point called. Rejecting access
[2m2025-08-28T09:27:12.424+05:30[0;39m [32mDEBUG[0;39m [35m65360[0;39m [2m---[0;39m [2m[io-3000-exec-10][0;39m [2m[0;39m[36mo.s.security.web.FilterChainProxy       [0;39m [2m:[0;39m Securing POST /error
[2m2025-08-28T09:27:12.424+05:30[0;39m [32mDEBUG[0;39m [35m65360[0;39m [2m---[0;39m [2m[io-3000-exec-10][0;39m [2m[0;39m[36mo.s.s.w.a.AnonymousAuthenticationFilter [0;39m [2m:[0;39m Set SecurityContextHolder to anonymous SecurityContext
[2m2025-08-28T09:27:12.424+05:30[0;39m [32mDEBUG[0;39m [35m65360[0;39m [2m---[0;39m [2m[io-3000-exec-10][0;39m [2m[0;39m[36mo.s.s.w.a.Http403ForbiddenEntryPoint    [0;39m [2m:[0;39m Pre-authenticated entry point called. Rejecting access
[2m2025-08-28T09:27:25.437+05:30[0;39m [32mDEBUG[0;39m [35m65360[0;39m [2m---[0;39m [2m[nio-3000-exec-3][0;39m [2m[0;39m[36mo.s.security.web.FilterChainProxy       [0;39m [2m:[0;39m Securing OPTIONS /signup
[2m2025-08-28T09:27:25.440+05:30[0;39m [32mDEBUG[0;39m [35m65360[0;39m [2m---[0;39m [2m[nio-3000-exec-2][0;39m [2m[0;39m[36mo.s.security.web.FilterChainProxy       [0;39m [2m:[0;39m Securing POST /signup
[2m2025-08-28T09:27:25.441+05:30[0;39m [32mDEBUG[0;39m [35m65360[0;39m [2m---[0;39m [2m[nio-3000-exec-2][0;39m [2m[0;39m[36mo.s.s.w.a.AnonymousAuthenticationFilter [0;39m [2m:[0;39m Set SecurityContextHolder to anonymous SecurityContext
[2m2025-08-28T09:27:25.442+05:30[0;39m [32mDEBUG[0;39m [35m65360[0;39m [2m---[0;39m [2m[nio-3000-exec-2][0;39m [2m[0;39m[36mo.s.s.w.a.Http403ForbiddenEntryPoint    [0;39m [2m:[0;39m Pre-authenticated entry point called. Rejecting access
[2m2025-08-28T09:27:25.442+05:30[0;39m [32mDEBUG[0;39m [35m65360[0;39m [2m---[0;39m [2m[nio-3000-exec-2][0;39m [2m[0;39m[36mo.s.security.web.FilterChainProxy       [0;39m [2m:[0;39m Securing POST /error
[2m2025-08-28T09:27:25.443+05:30[0;39m [32mDEBUG[0;39m [35m65360[0;39m [2m---[0;39m [2m[nio-3000-exec-2][0;39m [2m[0;39m[36mo.s.s.w.a.AnonymousAuthenticationFilter [0;39m [2m:[0;39m Set SecurityContextHolder to anonymous SecurityContext
[2m2025-08-28T09:27:25.443+05:30[0;39m [32mDEBUG[0;39m [35m65360[0;39m [2m---[0;39m [2m[nio-3000-exec-2][0;39m [2m[0;39m[36mo.s.s.w.a.Http403ForbiddenEntryPoint    [0;39m [2m:[0;39m Pre-authenticated entry point called. Rejecting access
[2m2025-08-28T09:27:34.841+05:30[0;39m [32mDEBUG[0;39m [35m65360[0;39m [2m---[0;39m [2m[nio-3000-exec-4][0;39m [2m[0;39m[36mo.s.security.web.FilterChainProxy       [0;39m [2m:[0;39m Securing OPTIONS /signin
[2m2025-08-28T09:27:34.844+05:30[0;39m [32mDEBUG[0;39m [35m65360[0;39m [2m---[0;39m [2m[nio-3000-exec-5][0;39m [2m[0;39m[36mo.s.security.web.FilterChainProxy       [0;39m [2m:[0;39m Securing POST /signin
[2m2025-08-28T09:27:34.845+05:30[0;39m [32mDEBUG[0;39m [35m65360[0;39m [2m---[0;39m [2m[nio-3000-exec-5][0;39m [2m[0;39m[36mo.s.s.w.a.AnonymousAuthenticationFilter [0;39m [2m:[0;39m Set SecurityContextHolder to anonymous SecurityContext
[2m2025-08-28T09:27:34.845+05:30[0;39m [32mDEBUG[0;39m [35m65360[0;39m [2m---[0;39m [2m[nio-3000-exec-5][0;39m [2m[0;39m[36mo.s.s.w.a.Http403ForbiddenEntryPoint    [0;39m [2m:[0;39m Pre-authenticated entry point called. Rejecting access
[2m2025-08-28T09:27:34.846+05:30[0;39m [32mDEBUG[0;39m [35m65360[0;39m [2m---[0;39m [2m[nio-3000-exec-5][0;39m [2m[0;39m[36mo.s.security.web.FilterChainProxy       [0;39m [2m:[0;39m Securing POST /error
[2m2025-08-28T09:27:34.846+05:30[0;39m [32mDEBUG[0;39m [35m65360[0;39m [2m---[0;39m [2m[nio-3000-exec-5][0;39m [2m[0;39m[36mo.s.s.w.a.AnonymousAuthenticationFilter [0;39m [2m:[0;39m Set SecurityContextHolder to anonymous SecurityContext
[2m2025-08-28T09:27:34.846+05:30[0;39m [32mDEBUG[0;39m [35m65360[0;39m [2m---[0;39m [2m[nio-3000-exec-5][0;39m [2m[0;39m[36mo.s.s.w.a.Http403ForbiddenEntryPoint    [0;39m [2m:[0;39m Pre-authenticated entry point called. Rejecting access
[2m2025-08-28T09:27:35.576+05:30[0;39m [32mDEBUG[0;39m [35m65360[0;39m [2m---[0;39m [2m[nio-3000-exec-8][0;39m [2m[0;39m[36mo.s.security.web.FilterChainProxy       [0;39m [2m:[0;39m Securing POST /signin
[2m2025-08-28T09:27:35.577+05:30[0;39m [32mDEBUG[0;39m [35m65360[0;39m [2m---[0;39m [2m[nio-3000-exec-8][0;39m [2m[0;39m[36mo.s.s.w.a.AnonymousAuthenticationFilter [0;39m [2m:[0;39m Set SecurityContextHolder to anonymous SecurityContext
[2m2025-08-28T09:27:35.578+05:30[0;39m [32mDEBUG[0;39m [35m65360[0;39m [2m---[0;39m [2m[nio-3000-exec-8][0;39m [2m[0;39m[36mo.s.s.w.a.Http403ForbiddenEntryPoint    [0;39m [2m:[0;39m Pre-authenticated entry point called. Rejecting access
[2m2025-08-28T09:27:35.579+05:30[0;39m [32mDEBUG[0;39m [35m65360[0;39m [2m---[0;39m [2m[nio-3000-exec-8][0;39m [2m[0;39m[36mo.s.security.web.FilterChainProxy       [0;39m [2m:[0;39m Securing POST /error
[2m2025-08-28T09:27:35.579+05:30[0;39m [32mDEBUG[0;39m [35m65360[0;39m [2m---[0;39m [2m[nio-3000-exec-8][0;39m [2m[0;39m[36mo.s.s.w.a.AnonymousAuthenticationFilter [0;39m [2m:[0;39m Set SecurityContextHolder to anonymous SecurityContext
[2m2025-08-28T09:27:35.579+05:30[0;39m [32mDEBUG[0;39m [35m65360[0;39m [2m---[0;39m [2m[nio-3000-exec-8][0;39m [2m[0;39m[36mo.s.s.w.a.Http403ForbiddenEntryPoint    [0;39m [2m:[0;39m Pre-authenticated entry point called. Rejecting access
[2m2025-08-28T09:27:35.729+05:30[0;39m [32mDEBUG[0;39m [35m65360[0;39m [2m---[0;39m [2m[nio-3000-exec-6][0;39m [2m[0;39m[36mo.s.security.web.FilterChainProxy       [0;39m [2m:[0;39m Securing POST /signin
[2m2025-08-28T09:27:35.731+05:30[0;39m [32mDEBUG[0;39m [35m65360[0;39m [2m---[0;39m [2m[nio-3000-exec-6][0;39m [2m[0;39m[36mo.s.s.w.a.AnonymousAuthenticationFilter [0;39m [2m:[0;39m Set SecurityContextHolder to anonymous SecurityContext
[2m2025-08-28T09:27:35.732+05:30[0;39m [32mDEBUG[0;39m [35m65360[0;39m [2m---[0;39m [2m[nio-3000-exec-6][0;39m [2m[0;39m[36mo.s.s.w.a.Http403ForbiddenEntryPoint    [0;39m [2m:[0;39m Pre-authenticated entry point called. Rejecting access
[2m2025-08-28T09:27:35.732+05:30[0;39m [32mDEBUG[0;39m [35m65360[0;39m [2m---[0;39m [2m[nio-3000-exec-6][0;39m [2m[0;39m[36mo.s.security.web.FilterChainProxy       [0;39m [2m:[0;39m Securing POST /error
[2m2025-08-28T09:27:35.733+05:30[0;39m [32mDEBUG[0;39m [35m65360[0;39m [2m---[0;39m [2m[nio-3000-exec-6][0;39m [2m[0;39m[36mo.s.s.w.a.AnonymousAuthenticationFilter [0;39m [2m:[0;39m Set SecurityContextHolder to anonymous SecurityContext
[2m2025-08-28T09:27:35.733+05:30[0;39m [32mDEBUG[0;39m [35m65360[0;39m [2m---[0;39m [2m[nio-3000-exec-6][0;39m [2m[0;39m[36mo.s.s.w.a.Http403ForbiddenEntryPoint    [0;39m [2m:[0;39m Pre-authenticated entry point called. Rejecting access
[2m2025-08-28T09:27:36.273+05:30[0;39m [32mDEBUG[0;39m [35m65360[0;39m [2m---[0;39m [2m[nio-3000-exec-7][0;39m [2m[0;39m[36mo.s.security.web.FilterChainProxy       [0;39m [2m:[0;39m Securing POST /signin
[2m2025-08-28T09:27:36.275+05:30[0;39m [32mDEBUG[0;39m [35m65360[0;39m [2m---[0;39m [2m[nio-3000-exec-7][0;39m [2m[0;39m[36mo.s.s.w.a.AnonymousAuthenticationFilter [0;39m [2m:[0;39m Set SecurityContextHolder to anonymous SecurityContext
[2m2025-08-28T09:27:36.276+05:30[0;39m [32mDEBUG[0;39m [35m65360[0;39m [2m---[0;39m [2m[nio-3000-exec-7][0;39m [2m[0;39m[36mo.s.s.w.a.Http403ForbiddenEntryPoint    [0;39m [2m:[0;39m Pre-authenticated entry point called. Rejecting access
[2m2025-08-28T09:27:36.277+05:30[0;39m [32mDEBUG[0;39m [35m65360[0;39m [2m---[0;39m [2m[nio-3000-exec-7][0;39m [2m[0;39m[36mo.s.security.web.FilterChainProxy       [0;39m [2m:[0;39m Securing POST /error
[2m2025-08-28T09:27:36.277+05:30[0;39m [32mDEBUG[0;39m [35m65360[0;39m [2m---[0;39m [2m[nio-3000-exec-7][0;39m [2m[0;39m[36mo.s.s.w.a.AnonymousAuthenticationFilter [0;39m [2m:[0;39m Set SecurityContextHolder to anonymous SecurityContext
[2m2025-08-28T09:27:36.278+05:30[0;39m [32mDEBUG[0;39m [35m65360[0;39m [2m---[0;39m [2m[nio-3000-exec-7][0;39m [2m[0;39m[36mo.s.s.w.a.Http403ForbiddenEntryPoint    [0;39m [2m:[0;39m Pre-authenticated entry point called. Rejecting access
[2m2025-08-28T09:27:36.419+05:30[0;39m [32mDEBUG[0;39m [35m65360[0;39m [2m---[0;39m [2m[nio-3000-exec-9][0;39m [2m[0;39m[36mo.s.security.web.FilterChainProxy       [0;39m [2m:[0;39m Securing POST /signin
[2m2025-08-28T09:27:36.420+05:30[0;39m [32mDEBUG[0;39m [35m65360[0;39m [2m---[0;39m [2m[nio-3000-exec-9][0;39m [2m[0;39m[36mo.s.s.w.a.AnonymousAuthenticationFilter [0;39m [2m:[0;39m Set SecurityContextHolder to anonymous SecurityContext
[2m2025-08-28T09:27:36.421+05:30[0;39m [32mDEBUG[0;39m [35m65360[0;39m [2m---[0;39m [2m[nio-3000-exec-9][0;39m [2m[0;39m[36mo.s.s.w.a.Http403ForbiddenEntryPoint    [0;39m [2m:[0;39m Pre-authenticated entry point called. Rejecting access
[2m2025-08-28T09:27:36.422+05:30[0;39m [32mDEBUG[0;39m [35m65360[0;39m [2m---[0;39m [2m[nio-3000-exec-9][0;39m [2m[0;39m[36mo.s.security.web.FilterChainProxy       [0;39m [2m:[0;39m Securing POST /error
[2m2025-08-28T09:27:36.423+05:30[0;39m [32mDEBUG[0;39m [35m65360[0;39m [2m---[0;39m [2m[nio-3000-exec-9][0;39m [2m[0;39m[36mo.s.s.w.a.AnonymousAuthenticationFilter [0;39m [2m:[0;39m Set SecurityContextHolder to anonymous SecurityContext
[2m2025-08-28T09:27:36.423+05:30[0;39m [32mDEBUG[0;39m [35m65360[0;39m [2m---[0;39m [2m[nio-3000-exec-9][0;39m [2m[0;39m[36mo.s.s.w.a.Http403ForbiddenEntryPoint    [0;39m [2m:[0;39m Pre-authenticated entry point called. Rejecting access
[2m2025-08-28T09:31:26.008+05:30[0;39m [32mDEBUG[0;39m [35m65360[0;39m [2m---[0;39m [2m[nio-3000-exec-3][0;39m [2m[0;39m[36mo.s.security.web.FilterChainProxy       [0;39m [2m:[0;39m Securing OPTIONS /signup
[2m2025-08-28T09:31:26.011+05:30[0;39m [32mDEBUG[0;39m [35m65360[0;39m [2m---[0;39m [2m[nio-3000-exec-2][0;39m [2m[0;39m[36mo.s.security.web.FilterChainProxy       [0;39m [2m:[0;39m Securing POST /signup
[2m2025-08-28T09:31:26.012+05:30[0;39m [32mDEBUG[0;39m [35m65360[0;39m [2m---[0;39m [2m[nio-3000-exec-2][0;39m [2m[0;39m[36mo.s.s.w.a.AnonymousAuthenticationFilter [0;39m [2m:[0;39m Set SecurityContextHolder to anonymous SecurityContext
[2m2025-08-28T09:31:26.013+05:30[0;39m [32mDEBUG[0;39m [35m65360[0;39m [2m---[0;39m [2m[nio-3000-exec-2][0;39m [2m[0;39m[36mo.s.s.w.a.Http403ForbiddenEntryPoint    [0;39m [2m:[0;39m Pre-authenticated entry point called. Rejecting access
[2m2025-08-28T09:31:26.013+05:30[0;39m [32mDEBUG[0;39m [35m65360[0;39m [2m---[0;39m [2m[nio-3000-exec-2][0;39m [2m[0;39m[36mo.s.security.web.FilterChainProxy       [0;39m [2m:[0;39m Securing POST /error
[2m2025-08-28T09:31:26.013+05:30[0;39m [32mDEBUG[0;39m [35m65360[0;39m [2m---[0;39m [2m[nio-3000-exec-2][0;39m [2m[0;39m[36mo.s.s.w.a.AnonymousAuthenticationFilter [0;39m [2m:[0;39m Set SecurityContextHolder to anonymous SecurityContext
[2m2025-08-28T09:31:26.013+05:30[0;39m [32mDEBUG[0;39m [35m65360[0;39m [2m---[0;39m [2m[nio-3000-exec-2][0;39m [2m[0;39m[36mo.s.s.w.a.Http403ForbiddenEntryPoint    [0;39m [2m:[0;39m Pre-authenticated entry point called. Rejecting access
[2m2025-08-28T09:31:35.046+05:30[0;39m [32mDEBUG[0;39m [35m65360[0;39m [2m---[0;39m [2m[nio-3000-exec-4][0;39m [2m[0;39m[36mo.s.security.web.FilterChainProxy       [0;39m [2m:[0;39m Securing OPTIONS /signin
[2m2025-08-28T09:31:35.048+05:30[0;39m [32mDEBUG[0;39m [35m65360[0;39m [2m---[0;39m [2m[nio-3000-exec-5][0;39m [2m[0;39m[36mo.s.security.web.FilterChainProxy       [0;39m [2m:[0;39m Securing POST /signin
[2m2025-08-28T09:31:35.049+05:30[0;39m [32mDEBUG[0;39m [35m65360[0;39m [2m---[0;39m [2m[nio-3000-exec-5][0;39m [2m[0;39m[36mo.s.s.w.a.AnonymousAuthenticationFilter [0;39m [2m:[0;39m Set SecurityContextHolder to anonymous SecurityContext
[2m2025-08-28T09:31:35.050+05:30[0;39m [32mDEBUG[0;39m [35m65360[0;39m [2m---[0;39m [2m[nio-3000-exec-5][0;39m [2m[0;39m[36mo.s.s.w.a.Http403ForbiddenEntryPoint    [0;39m [2m:[0;39m Pre-authenticated entry point called. Rejecting access
[2m2025-08-28T09:31:35.050+05:30[0;39m [32mDEBUG[0;39m [35m65360[0;39m [2m---[0;39m [2m[nio-3000-exec-5][0;39m [2m[0;39m[36mo.s.security.web.FilterChainProxy       [0;39m [2m:[0;39m Securing POST /error
[2m2025-08-28T09:31:35.050+05:30[0;39m [32mDEBUG[0;39m [35m65360[0;39m [2m---[0;39m [2m[nio-3000-exec-5][0;39m [2m[0;39m[36mo.s.s.w.a.AnonymousAuthenticationFilter [0;39m [2m:[0;39m Set SecurityContextHolder to anonymous SecurityContext
[2m2025-08-28T09:31:35.051+05:30[0;39m [32mDEBUG[0;39m [35m65360[0;39m [2m---[0;39m [2m[nio-3000-exec-5][0;39m [2m[0;39m[36mo.s.s.w.a.Http403ForbiddenEntryPoint    [0;39m [2m:[0;39m Pre-authenticated entry point called. Rejecting access
[2m2025-08-28T09:31:35.463+05:30[0;39m [32mDEBUG[0;39m [35m65360[0;39m [2m---[0;39m [2m[nio-3000-exec-8][0;39m [2m[0;39m[36mo.s.security.web.FilterChainProxy       [0;39m [2m:[0;39m Securing POST /signin
[2m2025-08-28T09:31:35.465+05:30[0;39m [32mDEBUG[0;39m [35m65360[0;39m [2m---[0;39m [2m[nio-3000-exec-8][0;39m [2m[0;39m[36mo.s.s.w.a.AnonymousAuthenticationFilter [0;39m [2m:[0;39m Set SecurityContextHolder to anonymous SecurityContext
[2m2025-08-28T09:31:35.466+05:30[0;39m [32mDEBUG[0;39m [35m65360[0;39m [2m---[0;39m [2m[nio-3000-exec-8][0;39m [2m[0;39m[36mo.s.s.w.a.Http403ForbiddenEntryPoint    [0;39m [2m:[0;39m Pre-authenticated entry point called. Rejecting access
[2m2025-08-28T09:31:35.467+05:30[0;39m [32mDEBUG[0;39m [35m65360[0;39m [2m---[0;39m [2m[nio-3000-exec-8][0;39m [2m[0;39m[36mo.s.security.web.FilterChainProxy       [0;39m [2m:[0;39m Securing POST /error
[2m2025-08-28T09:31:35.467+05:30[0;39m [32mDEBUG[0;39m [35m65360[0;39m [2m---[0;39m [2m[nio-3000-exec-8][0;39m [2m[0;39m[36mo.s.s.w.a.AnonymousAuthenticationFilter [0;39m [2m:[0;39m Set SecurityContextHolder to anonymous SecurityContext
[2m2025-08-28T09:31:35.468+05:30[0;39m [32mDEBUG[0;39m [35m65360[0;39m [2m---[0;39m [2m[nio-3000-exec-8][0;39m [2m[0;39m[36mo.s.s.w.a.Http403ForbiddenEntryPoint    [0;39m [2m:[0;39m Pre-authenticated entry point called. Rejecting access
[2m2025-08-28T09:31:35.609+05:30[0;39m [32mDEBUG[0;39m [35m65360[0;39m [2m---[0;39m [2m[nio-3000-exec-6][0;39m [2m[0;39m[36mo.s.security.web.FilterChainProxy       [0;39m [2m:[0;39m Securing POST /signin
[2m2025-08-28T09:31:35.610+05:30[0;39m [32mDEBUG[0;39m [35m65360[0;39m [2m---[0;39m [2m[nio-3000-exec-6][0;39m [2m[0;39m[36mo.s.s.w.a.AnonymousAuthenticationFilter [0;39m [2m:[0;39m Set SecurityContextHolder to anonymous SecurityContext
[2m2025-08-28T09:31:35.611+05:30[0;39m [32mDEBUG[0;39m [35m65360[0;39m [2m---[0;39m [2m[nio-3000-exec-6][0;39m [2m[0;39m[36mo.s.s.w.a.Http403ForbiddenEntryPoint    [0;39m [2m:[0;39m Pre-authenticated entry point called. Rejecting access
[2m2025-08-28T09:31:35.611+05:30[0;39m [32mDEBUG[0;39m [35m65360[0;39m [2m---[0;39m [2m[nio-3000-exec-6][0;39m [2m[0;39m[36mo.s.security.web.FilterChainProxy       [0;39m [2m:[0;39m Securing POST /error
[2m2025-08-28T09:31:35.612+05:30[0;39m [32mDEBUG[0;39m [35m65360[0;39m [2m---[0;39m [2m[nio-3000-exec-6][0;39m [2m[0;39m[36mo.s.s.w.a.AnonymousAuthenticationFilter [0;39m [2m:[0;39m Set SecurityContextHolder to anonymous SecurityContext
[2m2025-08-28T09:31:35.612+05:30[0;39m [32mDEBUG[0;39m [35m65360[0;39m [2m---[0;39m [2m[nio-3000-exec-6][0;39m [2m[0;39m[36mo.s.s.w.a.Http403ForbiddenEntryPoint    [0;39m [2m:[0;39m Pre-authenticated entry point called. Rejecting access
[INFO] ------------------------------------------------------------------------
[INFO] BUILD FAILURE
[INFO] ------------------------------------------------------------------------
[INFO] Total time:  36:56 min
[INFO] Finished at: 2025-08-28T09:37:07+05:30
[INFO] ------------------------------------------------------------------------
[ERROR] Failed to execute goal org.springframework.boot:spring-boot-maven-plugin:3.2.0:run (default-cli) on project second-brain-server: Process terminated with exit code: 137 -> [Help 1]
[ERROR] 
[ERROR] To see the full stack trace of the errors, re-run Maven with the -e switch.
[ERROR] Re-run Maven using the -X switch to enable full debug logging.
[ERROR] 
[ERROR] For more information about the errors and possible solutions, please read the following articles:
[ERROR] [Help 1] http://cwiki.apache.org/confluence/display/MAVEN/MojoExecutionException
